<?xml version="1.0" encoding="UTF-8"?>
<!-- Generated by org.testng.reporters.JUnitReportReporter -->
<testsuite hostname="DESKTOP-PB9LG37" failures="0" tests="3" name="groupingInTestNG.TestGroup1" time="0.043" errors="0" timestamp="2022-03-22T19:11:12 IST" skipped="0">
  <testcase classname="groupingInTestNG.TestGroup1" name="TC6" time="0.028"/>
  <system-out>
    <![CDATA[Running TC6]]>
  </system-out>
  <testcase classname="groupingInTestNG.TestGroup1" name="TC7" time="0.000"/>
  <system-out>
    <![CDATA[Running TC7]]>
  </system-out>
  <testcase classname="groupingInTestNG.TestGroup1" name="TC9" time="0.015"/>
  <system-out>
    <![CDATA[Running TC9]]>
  </system-out>
</testsuite> <!-- groupingInTestNG.TestGroup1 -->
