<?xml version="1.0" encoding="UTF-8"?>
<!-- Generated by org.testng.reporters.JUnitReportReporter -->
<testsuite hostname="DESKTOP-PB9LG37" failures="0" tests="4" name="testNGKeyWords.InvocationCountStudy" time="0.037" errors="0" timestamp="2022-04-05T19:38:47 IST" skipped="0">
  <testcase classname="testNGKeyWords.InvocationCountStudy" name="a" time="0.004"/>
  <system-out>
    <![CDATA[Running A method]]>
  </system-out>
  <testcase classname="testNGKeyWords.InvocationCountStudy" name="a" time="0.019"/>
  <system-out>
    <![CDATA[Running A method]]>
  </system-out>
  <testcase classname="testNGKeyWords.InvocationCountStudy" name="a" time="0.008"/>
  <system-out>
    <![CDATA[Running A method]]>
  </system-out>
  <testcase classname="testNGKeyWords.InvocationCountStudy" name="a" time="0.006"/>
  <system-out>
    <![CDATA[Running A method]]>
  </system-out>
</testsuite> <!-- testNGKeyWords.InvocationCountStudy -->
