<?xml version="1.0" encoding="UTF-8"?>
<!-- Generated by org.testng.reporters.JUnitReportReporter -->
<testsuite hostname="DESKTOP-PB9LG37" failures="0" tests="3" name="testNGKeyWords.EnabledStudy" time="0.026" errors="0" timestamp="2022-03-21T17:17:40 IST" skipped="1">
  <testcase classname="testNGKeyWords.EnabledStudy" name="b" time="0.003"/>
  <system-out>
    <![CDATA[Running B method]]>
  </system-out>
  <testcase classname="testNGKeyWords.EnabledStudy" name="a" time="0.023"/>
  <system-out>
    <![CDATA[Running A method]]>
  </system-out>
  <testcase classname="testNGKeyWords.EnabledStudy" name="c">
    <skipped/>
  </testcase> <!-- c -->
  <system-out/>
</testsuite> <!-- testNGKeyWords.EnabledStudy -->
