<?xml version="1.0" encoding="UTF-8"?>
<!-- Generated by org.testng.reporters.JUnitReportReporter -->
<testsuite hostname="DESKTOP-PB9LG37" failures="0" tests="1" name="assertsInTestNG.AssertNullStudy" time="0.025" errors="0" timestamp="2022-03-23T19:26:02 IST" skipped="0">
  <testcase classname="assertsInTestNG.AssertNullStudy" name="testing" time="0.025"/>
  <system-out/>
</testsuite> <!-- assertsInTestNG.AssertNullStudy -->
