<?xml version="1.0" encoding="UTF-8"?>
<!-- Generated by org.testng.reporters.JUnitReportReporter -->
<testsuite hostname="DESKTOP-PB9LG37" failures="0" tests="1" name="kiteAppTestClasses.KiteAppUserIdErrorMsgValidation" time="9.297" errors="0" timestamp="2022-03-30T09:46:23 IST" skipped="0">
  <testcase classname="kiteAppTestClasses.KiteAppUserIdErrorMsgValidation" name="validateUserIdErrorMsg" time="9.297"/>
  <system-out>
    <![CDATA[screenshot taken for TC 555]]>
  </system-out>
</testsuite> <!-- kiteAppTestClasses.KiteAppUserIdErrorMsgValidation -->
