<?xml version="1.0" encoding="UTF-8"?>
<!-- Generated by org.testng.reporters.JUnitReportReporter -->
<testsuite hostname="DESKTOP-PB9LG37" failures="0" tests="1" name="kiteAppTestClasses.KiteUserNameValidtion" time="20.466" errors="0" timestamp="2022-03-30T09:39:26 IST" skipped="0">
  <testcase classname="kiteAppTestClasses.KiteUserNameValidtion" name="validatUserName" time="20.466"/>
  <system-out>
    <![CDATA[screenshot taken for TC 100
Validate UserName]]>
  </system-out>
</testsuite> <!-- kiteAppTestClasses.KiteUserNameValidtion -->
