<?xml version="1.0" encoding="UTF-8"?>
<!-- Generated by org.testng.reporters.JUnitReportReporter -->
<testsuite hostname="DESKTOP-PB9LG37" failures="0" tests="1" name="testNG.AnnotationStudy" time="0.009" errors="0" timestamp="2022-03-21T16:40:08 IST" skipped="0">
  <testcase classname="testNG.AnnotationStudy" name="ValidateUserID" time="0.009"/>
  <system-out>
    <![CDATA[Running Test]]>
  </system-out>
</testsuite> <!-- testNG.AnnotationStudy -->
