<?xml version="1.0" encoding="UTF-8"?>
<!-- Generated by org.testng.reporters.JUnitReportReporter -->
<testsuite hostname="DESKTOP-PB9LG37" failures="0" tests="2" name="crossBrowserTest.CT1" time="170.395" errors="0" timestamp="2022-03-24T18:43:58 IST" skipped="0">
  <testcase classname="crossBrowserTest.CT1" name="CrossBrowser" time="74.676"/>
  <system-out/>
  <testcase classname="crossBrowserTest.CT1" name="CrossBrowser" time="95.719"/>
  <system-out/>
</testsuite> <!-- crossBrowserTest.CT1 -->
