<?xml version="1.0" encoding="UTF-8"?>
<!-- Generated by org.testng.reporters.JUnitReportReporter -->
<testsuite hostname="DESKTOP-PB9LG37" failures="0" tests="3" name="testNGKeyWords.PriorityStudy" time="0.033" errors="0" timestamp="2022-03-21T17:04:18 IST" skipped="0">
  <testcase classname="testNGKeyWords.PriorityStudy" name="c" time="0.022"/>
  <system-out>
    <![CDATA[Running C method]]>
  </system-out>
  <testcase classname="testNGKeyWords.PriorityStudy" name="a" time="0.002"/>
  <system-out>
    <![CDATA[Running A method]]>
  </system-out>
  <testcase classname="testNGKeyWords.PriorityStudy" name="b" time="0.009"/>
  <system-out>
    <![CDATA[Running B method]]>
  </system-out>
</testsuite> <!-- testNGKeyWords.PriorityStudy -->
