<?xml version="1.0" encoding="UTF-8"?>
<!-- Generated by org.testng.reporters.JUnitReportReporter -->
<testsuite hostname="DESKTOP-PB9LG37" failures="0" tests="1" name="testNG.FireFoxTest" time="61.835" errors="0" timestamp="2022-03-24T18:05:49 IST" skipped="0">
  <testcase classname="testNG.FireFoxTest" name="MyMethod" time="61.835"/>
  <system-out/>
</testsuite> <!-- testNG.FireFoxTest -->
