<?xml version="1.0" encoding="UTF-8"?>
<!-- Generated by org.testng.reporters.JUnitReportReporter -->
<testsuite hostname="DESKTOP-PB9LG37" failures="0" tests="2" name="testNG_Failed_xml.Failed_xml_Study" time="0.234" errors="0" timestamp="2022-03-22T19:31:20 IST" skipped="0">
  <testcase classname="testNG_Failed_xml.Failed_xml_Study" name="TC4" time="0.015"/>
  <system-out>
    <![CDATA[Running TC4]]>
  </system-out>
  <testcase classname="testNG_Failed_xml.Failed_xml_Study" name="TC2" time="0.219"/>
  <system-out>
    <![CDATA[Running TC2]]>
  </system-out>
</testsuite> <!-- testNG_Failed_xml.Failed_xml_Study -->
