<?xml version="1.0" encoding="UTF-8"?>
<!-- Generated by org.testng.reporters.JUnitReportReporter -->
<testsuite hostname="DESKTOP-PB9LG37" failures="0" tests="3" name="testNG.AnnotationSudy1" time="0.034" errors="0" timestamp="2022-03-21T16:46:40 IST" skipped="0">
  <testcase classname="testNG.AnnotationSudy1" name="b" time="0.003"/>
  <system-out>
    <![CDATA[Running B method]]>
  </system-out>
  <testcase classname="testNG.AnnotationSudy1" name="c" time="0.007"/>
  <system-out>
    <![CDATA[Running C method]]>
  </system-out>
  <testcase classname="testNG.AnnotationSudy1" name="a" time="0.024"/>
  <system-out>
    <![CDATA[Running A method]]>
  </system-out>
</testsuite> <!-- testNG.AnnotationSudy1 -->
