<?xml version="1.0" encoding="UTF-8"?>
<!-- Generated by org.testng.reporters.JUnitReportReporter -->
<testsuite hostname="DESKTOP-PB9LG37" failures="0" tests="1" name="serialAndParallel.serialAndParallel1" time="56.081" errors="0" timestamp="2022-03-23T17:50:11 IST" skipped="0">
  <testcase classname="serialAndParallel.serialAndParallel1" name="f" time="56.081"/>
  <system-out/>
</testsuite> <!-- serialAndParallel.serialAndParallel1 -->
