<?xml version="1.0" encoding="UTF-8"?>
<!-- Generated by org.testng.reporters.JUnitReportReporter -->
<testsuite hostname="DESKTOP-PB9LG37" failures="0" tests="1" name="testNG_Grouping.TestGroup2" time="0.015" errors="0" timestamp="2022-03-22T19:18:11 IST" skipped="0">
  <testcase classname="testNG_Grouping.TestGroup2" name="TC4" time="0.015"/>
  <system-out>
    <![CDATA[Running TC4]]>
  </system-out>
</testsuite> <!-- testNG_Grouping.TestGroup2 -->
