<?xml version="1.0" encoding="UTF-8"?>
<!-- Generated by org.testng.reporters.JUnitReportReporter -->
<testsuite hostname="DESKTOP-PB9LG37" failures="0" tests="2" name="textNGxmlStudy.Test123" time="0.000" errors="0" timestamp="2022-03-22T18:51:03 IST" skipped="0">
  <testcase classname="textNGxmlStudy.Test123" name="TC7" time="0.000"/>
  <system-out>
    <![CDATA[Running TC7]]>
  </system-out>
  <testcase classname="textNGxmlStudy.Test123" name="TC8" time="0.000"/>
  <system-out>
    <![CDATA[Running TC8]]>
  </system-out>
</testsuite> <!-- textNGxmlStudy.Test123 -->
