<?xml version="1.0" encoding="UTF-8"?>
<!-- Generated by org.testng.reporters.JUnitReportReporter -->
<testsuite hostname="DESKTOP-PB9LG37" failures="0" tests="1" name="serialAndParallel.serialAndParallel2" time="50.259" errors="0" timestamp="2022-03-23T17:50:11 IST" skipped="0">
  <testcase classname="serialAndParallel.serialAndParallel2" name="f" time="50.259"/>
  <system-out/>
</testsuite> <!-- serialAndParallel.serialAndParallel2 -->
