<?xml version="1.0" encoding="UTF-8"?>
<!-- Generated by org.testng.reporters.JUnitReportReporter -->
<testsuite hostname="DESKTOP-PB9LG37" failures="0" tests="2" name="testNG.MyTest" time="0.035" errors="0" timestamp="2022-03-18T12:11:25 IST" skipped="0">
  <testcase classname="testNG.MyTest" name="MyMethod2" time="0.006"/>
  <system-out>
    <![CDATA[Welcome to Test NG2]]>
  </system-out>
  <testcase classname="testNG.MyTest" name="MyMethod1" time="0.029"/>
  <system-out/>
</testsuite> <!-- testNG.MyTest -->
