<?xml version="1.0" encoding="UTF-8"?>
<!-- Generated by org.testng.reporters.JUnitReportReporter -->
<testsuite hostname="DESKTOP-PB9LG37" failures="0" tests="1" name="testNG.MyClass" time="0.018" errors="0" timestamp="2022-03-17T19:19:45 IST" skipped="0">
  <testcase classname="testNG.MyClass" name="Method1" time="0.018"/>
  <system-out/>
</testsuite> <!-- testNG.MyClass -->
