<?xml version="1.0" encoding="UTF-8"?>
<!-- Generated by org.testng.reporters.JUnitReportReporter -->
<testsuite hostname="DESKTOP-PB9LG37" failures="0" tests="3" name="testNG_Grouping.TestGroup1" time="0.048" errors="0" timestamp="2022-03-22T19:18:11 IST" skipped="0">
  <testcase classname="testNG_Grouping.TestGroup1" name="TC6" time="0.016"/>
  <system-out>
    <![CDATA[Running TC6]]>
  </system-out>
  <testcase classname="testNG_Grouping.TestGroup1" name="TC9" time="0.016"/>
  <system-out>
    <![CDATA[Running TC9]]>
  </system-out>
  <testcase classname="testNG_Grouping.TestGroup1" name="TC7" time="0.016"/>
  <system-out>
    <![CDATA[Running TC7]]>
  </system-out>
</testsuite> <!-- testNG_Grouping.TestGroup1 -->
