<?xml version="1.0" encoding="UTF-8"?>
<!-- Generated by org.testng.reporters.JUnitReportReporter -->
<testsuite hostname="DESKTOP-PB9LG37" failures="0" tests="3" name="textNGxmlStudy.MyClass" time="0.031" errors="0" timestamp="2022-03-22T18:51:03 IST" skipped="0">
  <testcase classname="textNGxmlStudy.MyClass" name="TC1" time="0.016"/>
  <system-out>
    <![CDATA[Running TC1]]>
  </system-out>
  <testcase classname="textNGxmlStudy.MyClass" name="TC2" time="0.015"/>
  <system-out>
    <![CDATA[Running TC2]]>
  </system-out>
  <testcase classname="textNGxmlStudy.MyClass" name="TC5" time="0.000"/>
  <system-out>
    <![CDATA[Running TC5]]>
  </system-out>
</testsuite> <!-- textNGxmlStudy.MyClass -->
